[08-Apr-2025 20:38:43 Europe/Berlin] PHP Fatal error:  Uncaught Error: mysqli object is already closed in C:\xampp\htdocs\ccti-1.0\function.php:111
Stack trace:
#0 C:\xampp\htdocs\ccti-1.0\function.php(111): mysqli->prepare('\r\n            S...')
#1 C:\xampp\htdocs\ccti-1.0\user\index.php(8): getEnrolledCourses(Object(mysqli), '100002')
#2 {main}
  thrown in C:\xampp\htdocs\ccti-1.0\function.php on line 111
[08-Apr-2025 20:39:51 Europe/Berlin] PHP Fatal error:  Uncaught Error: mysqli object is already closed in C:\xampp\htdocs\ccti-1.0\function.php:111
Stack trace:
#0 C:\xampp\htdocs\ccti-1.0\function.php(111): mysqli->prepare('\r\n            S...')
#1 C:\xampp\htdocs\ccti-1.0\user\index.php(7): getEnrolledCourses(Object(mysqli), '100002')
#2 {main}
  thrown in C:\xampp\htdocs\ccti-1.0\function.php on line 111
[08-Apr-2025 20:39:53 Europe/Berlin] PHP Fatal error:  Uncaught Error: mysqli object is already closed in C:\xampp\htdocs\ccti-1.0\function.php:111
Stack trace:
#0 C:\xampp\htdocs\ccti-1.0\function.php(111): mysqli->prepare('\r\n            S...')
#1 C:\xampp\htdocs\ccti-1.0\user\index.php(7): getEnrolledCourses(Object(mysqli), '100002')
#2 {main}
  thrown in C:\xampp\htdocs\ccti-1.0\function.php on line 111
[08-Apr-2025 20:39:53 Europe/Berlin] PHP Fatal error:  Uncaught Error: mysqli object is already closed in C:\xampp\htdocs\ccti-1.0\function.php:111
Stack trace:
#0 C:\xampp\htdocs\ccti-1.0\function.php(111): mysqli->prepare('\r\n            S...')
#1 C:\xampp\htdocs\ccti-1.0\user\index.php(7): getEnrolledCourses(Object(mysqli), '100002')
#2 {main}
  thrown in C:\xampp\htdocs\ccti-1.0\function.php on line 111
[08-Apr-2025 20:40:10 Europe/Berlin] PHP Fatal error:  Uncaught Error: Call to undefined function getEnrolledCourses() in C:\xampp\htdocs\ccti-1.0\user\index.php:7
Stack trace:
#0 {main}
  thrown in C:\xampp\htdocs\ccti-1.0\user\index.php on line 7
[08-Apr-2025 20:41:36 Europe/Berlin] PHP Fatal error:  Uncaught Error: mysqli object is already closed in C:\xampp\htdocs\ccti-1.0\user\index.php:29
Stack trace:
#0 C:\xampp\htdocs\ccti-1.0\user\index.php(29): mysqli->prepare('\r\n            S...')
#1 C:\xampp\htdocs\ccti-1.0\user\index.php(46): getEnrolledCourses(Object(mysqli), '100002')
#2 {main}
  thrown in C:\xampp\htdocs\ccti-1.0\user\index.php on line 29
[08-Apr-2025 20:43:05 Europe/Berlin] PHP Warning:  require(connection.php): Failed to open stream: No such file or directory in C:\xampp\htdocs\ccti-1.0\user\index.php on line 4
[08-Apr-2025 20:43:05 Europe/Berlin] PHP Fatal error:  Uncaught Error: Failed opening required 'connection.php' (include_path='C:\xampp\php\PEAR') in C:\xampp\htdocs\ccti-1.0\user\index.php:4
Stack trace:
#0 {main}
  thrown in C:\xampp\htdocs\ccti-1.0\user\index.php on line 4
[08-Apr-2025 20:43:13 Europe/Berlin] PHP Fatal error:  Uncaught Error: mysqli object is already closed in C:\xampp\htdocs\ccti-1.0\user\index.php:28
Stack trace:
#0 C:\xampp\htdocs\ccti-1.0\user\index.php(28): mysqli->prepare('\r\n            S...')
#1 C:\xampp\htdocs\ccti-1.0\user\index.php(52): getEnrolledCourses(Object(mysqli), '100002')
#2 {main}
  thrown in C:\xampp\htdocs\ccti-1.0\user\index.php on line 28
[08-Apr-2025 20:43:15 Europe/Berlin] PHP Fatal error:  Uncaught Error: mysqli object is already closed in C:\xampp\htdocs\ccti-1.0\user\index.php:28
Stack trace:
#0 C:\xampp\htdocs\ccti-1.0\user\index.php(28): mysqli->prepare('\r\n            S...')
#1 C:\xampp\htdocs\ccti-1.0\user\index.php(52): getEnrolledCourses(Object(mysqli), '100002')
#2 {main}
  thrown in C:\xampp\htdocs\ccti-1.0\user\index.php on line 28
[08-Apr-2025 20:43:15 Europe/Berlin] PHP Fatal error:  Uncaught Error: mysqli object is already closed in C:\xampp\htdocs\ccti-1.0\user\index.php:28
Stack trace:
#0 C:\xampp\htdocs\ccti-1.0\user\index.php(28): mysqli->prepare('\r\n            S...')
#1 C:\xampp\htdocs\ccti-1.0\user\index.php(52): getEnrolledCourses(Object(mysqli), '100002')
#2 {main}
  thrown in C:\xampp\htdocs\ccti-1.0\user\index.php on line 28
[08-Apr-2025 20:44:31 Europe/Berlin] PHP Warning:  Undefined array key "toggle" in C:\xampp\htdocs\ccti-1.0\user\sidebar-nav.php on line 61
[08-Apr-2025 20:44:31 Europe/Berlin] PHP Warning:  Undefined array key "toggle" in C:\xampp\htdocs\ccti-1.0\user\sidebar-nav.php on line 63
[08-Apr-2025 20:44:31 Europe/Berlin] PHP Warning:  Undefined array key "toggle" in C:\xampp\htdocs\ccti-1.0\user\sidebar-nav.php on line 64
[08-Apr-2025 20:44:31 Europe/Berlin] PHP Warning:  Undefined array key "toggle" in C:\xampp\htdocs\ccti-1.0\user\sidebar-nav.php on line 61
[08-Apr-2025 20:44:31 Europe/Berlin] PHP Warning:  Undefined array key "toggle" in C:\xampp\htdocs\ccti-1.0\user\sidebar-nav.php on line 63
[08-Apr-2025 20:44:31 Europe/Berlin] PHP Warning:  Undefined array key "toggle" in C:\xampp\htdocs\ccti-1.0\user\sidebar-nav.php on line 64
[08-Apr-2025 20:44:31 Europe/Berlin] PHP Warning:  Undefined array key "toggle" in C:\xampp\htdocs\ccti-1.0\user\sidebar-nav.php on line 61
[08-Apr-2025 20:44:31 Europe/Berlin] PHP Warning:  Undefined array key "toggle" in C:\xampp\htdocs\ccti-1.0\user\sidebar-nav.php on line 63
[08-Apr-2025 20:44:31 Europe/Berlin] PHP Warning:  Undefined array key "toggle" in C:\xampp\htdocs\ccti-1.0\user\sidebar-nav.php on line 64
[08-Apr-2025 20:44:50 Europe/Berlin] PHP Warning:  Undefined array key "toggle" in C:\xampp\htdocs\ccti-1.0\user\sidebar-nav.php on line 61
[08-Apr-2025 20:44:50 Europe/Berlin] PHP Warning:  Undefined array key "toggle" in C:\xampp\htdocs\ccti-1.0\user\sidebar-nav.php on line 63
[08-Apr-2025 20:44:50 Europe/Berlin] PHP Warning:  Undefined array key "toggle" in C:\xampp\htdocs\ccti-1.0\user\sidebar-nav.php on line 64
[08-Apr-2025 20:44:50 Europe/Berlin] PHP Warning:  Undefined array key "toggle" in C:\xampp\htdocs\ccti-1.0\user\sidebar-nav.php on line 61
[08-Apr-2025 20:44:50 Europe/Berlin] PHP Warning:  Undefined array key "toggle" in C:\xampp\htdocs\ccti-1.0\user\sidebar-nav.php on line 63
[08-Apr-2025 20:44:50 Europe/Berlin] PHP Warning:  Undefined array key "toggle" in C:\xampp\htdocs\ccti-1.0\user\sidebar-nav.php on line 64
[08-Apr-2025 20:44:50 Europe/Berlin] PHP Warning:  Undefined array key "toggle" in C:\xampp\htdocs\ccti-1.0\user\sidebar-nav.php on line 61
[08-Apr-2025 20:44:50 Europe/Berlin] PHP Warning:  Undefined array key "toggle" in C:\xampp\htdocs\ccti-1.0\user\sidebar-nav.php on line 63
[08-Apr-2025 20:44:50 Europe/Berlin] PHP Warning:  Undefined array key "toggle" in C:\xampp\htdocs\ccti-1.0\user\sidebar-nav.php on line 64
[08-Apr-2025 20:45:15 Europe/Berlin] PHP Warning:  Undefined array key "toggle" in C:\xampp\htdocs\ccti-1.0\user\sidebar-nav.php on line 61
[08-Apr-2025 20:45:15 Europe/Berlin] PHP Warning:  Undefined array key "toggle" in C:\xampp\htdocs\ccti-1.0\user\sidebar-nav.php on line 63
[08-Apr-2025 20:45:15 Europe/Berlin] PHP Warning:  Undefined array key "toggle" in C:\xampp\htdocs\ccti-1.0\user\sidebar-nav.php on line 64
[08-Apr-2025 20:45:15 Europe/Berlin] PHP Warning:  Undefined array key "toggle" in C:\xampp\htdocs\ccti-1.0\user\sidebar-nav.php on line 61
[08-Apr-2025 20:45:15 Europe/Berlin] PHP Warning:  Undefined array key "toggle" in C:\xampp\htdocs\ccti-1.0\user\sidebar-nav.php on line 63
[08-Apr-2025 20:45:15 Europe/Berlin] PHP Warning:  Undefined array key "toggle" in C:\xampp\htdocs\ccti-1.0\user\sidebar-nav.php on line 64
[08-Apr-2025 20:45:15 Europe/Berlin] PHP Warning:  Undefined array key "toggle" in C:\xampp\htdocs\ccti-1.0\user\sidebar-nav.php on line 61
[08-Apr-2025 20:45:15 Europe/Berlin] PHP Warning:  Undefined array key "toggle" in C:\xampp\htdocs\ccti-1.0\user\sidebar-nav.php on line 63
[08-Apr-2025 20:45:15 Europe/Berlin] PHP Warning:  Undefined array key "toggle" in C:\xampp\htdocs\ccti-1.0\user\sidebar-nav.php on line 64
[08-Apr-2025 20:45:34 Europe/Berlin] PHP Warning:  Undefined array key "toggle" in C:\xampp\htdocs\ccti-1.0\user\sidebar-nav.php on line 61
[08-Apr-2025 20:45:34 Europe/Berlin] PHP Warning:  Undefined array key "toggle" in C:\xampp\htdocs\ccti-1.0\user\sidebar-nav.php on line 63
[08-Apr-2025 20:45:34 Europe/Berlin] PHP Warning:  Undefined array key "toggle" in C:\xampp\htdocs\ccti-1.0\user\sidebar-nav.php on line 64
[08-Apr-2025 20:45:34 Europe/Berlin] PHP Warning:  Undefined array key "toggle" in C:\xampp\htdocs\ccti-1.0\user\sidebar-nav.php on line 61
[08-Apr-2025 20:45:34 Europe/Berlin] PHP Warning:  Undefined array key "toggle" in C:\xampp\htdocs\ccti-1.0\user\sidebar-nav.php on line 63
[08-Apr-2025 20:45:34 Europe/Berlin] PHP Warning:  Undefined array key "toggle" in C:\xampp\htdocs\ccti-1.0\user\sidebar-nav.php on line 64
[08-Apr-2025 20:45:34 Europe/Berlin] PHP Warning:  Undefined array key "toggle" in C:\xampp\htdocs\ccti-1.0\user\sidebar-nav.php on line 61
[08-Apr-2025 20:45:34 Europe/Berlin] PHP Warning:  Undefined array key "toggle" in C:\xampp\htdocs\ccti-1.0\user\sidebar-nav.php on line 63
[08-Apr-2025 20:45:34 Europe/Berlin] PHP Warning:  Undefined array key "toggle" in C:\xampp\htdocs\ccti-1.0\user\sidebar-nav.php on line 64
[08-Apr-2025 20:47:50 Europe/Berlin] PHP Warning:  Undefined array key "toggle" in C:\xampp\htdocs\ccti-1.0\user\sidebar-nav.php on line 61
[08-Apr-2025 20:47:50 Europe/Berlin] PHP Warning:  Undefined array key "toggle" in C:\xampp\htdocs\ccti-1.0\user\sidebar-nav.php on line 63
[08-Apr-2025 20:47:50 Europe/Berlin] PHP Warning:  Undefined array key "toggle" in C:\xampp\htdocs\ccti-1.0\user\sidebar-nav.php on line 64
[08-Apr-2025 20:47:50 Europe/Berlin] PHP Warning:  Undefined array key "toggle" in C:\xampp\htdocs\ccti-1.0\user\sidebar-nav.php on line 61
[08-Apr-2025 20:47:50 Europe/Berlin] PHP Warning:  Undefined array key "toggle" in C:\xampp\htdocs\ccti-1.0\user\sidebar-nav.php on line 63
[08-Apr-2025 20:47:50 Europe/Berlin] PHP Warning:  Undefined array key "toggle" in C:\xampp\htdocs\ccti-1.0\user\sidebar-nav.php on line 64
[08-Apr-2025 20:47:50 Europe/Berlin] PHP Warning:  Undefined array key "toggle" in C:\xampp\htdocs\ccti-1.0\user\sidebar-nav.php on line 61
[08-Apr-2025 20:47:50 Europe/Berlin] PHP Warning:  Undefined array key "toggle" in C:\xampp\htdocs\ccti-1.0\user\sidebar-nav.php on line 63
[08-Apr-2025 20:47:50 Europe/Berlin] PHP Warning:  Undefined array key "toggle" in C:\xampp\htdocs\ccti-1.0\user\sidebar-nav.php on line 64
[08-Apr-2025 20:48:18 Europe/Berlin] PHP Warning:  Undefined array key "toggle" in C:\xampp\htdocs\ccti-1.0\user\sidebar-nav.php on line 61
[08-Apr-2025 20:48:18 Europe/Berlin] PHP Warning:  Undefined array key "toggle" in C:\xampp\htdocs\ccti-1.0\user\sidebar-nav.php on line 63
[08-Apr-2025 20:48:18 Europe/Berlin] PHP Warning:  Undefined array key "toggle" in C:\xampp\htdocs\ccti-1.0\user\sidebar-nav.php on line 64
[08-Apr-2025 20:48:18 Europe/Berlin] PHP Warning:  Undefined array key "toggle" in C:\xampp\htdocs\ccti-1.0\user\sidebar-nav.php on line 61
[08-Apr-2025 20:48:18 Europe/Berlin] PHP Warning:  Undefined array key "toggle" in C:\xampp\htdocs\ccti-1.0\user\sidebar-nav.php on line 63
[08-Apr-2025 20:48:18 Europe/Berlin] PHP Warning:  Undefined array key "toggle" in C:\xampp\htdocs\ccti-1.0\user\sidebar-nav.php on line 64
[08-Apr-2025 20:48:18 Europe/Berlin] PHP Warning:  Undefined array key "toggle" in C:\xampp\htdocs\ccti-1.0\user\sidebar-nav.php on line 61
[08-Apr-2025 20:48:18 Europe/Berlin] PHP Warning:  Undefined array key "toggle" in C:\xampp\htdocs\ccti-1.0\user\sidebar-nav.php on line 63
[08-Apr-2025 20:48:18 Europe/Berlin] PHP Warning:  Undefined array key "toggle" in C:\xampp\htdocs\ccti-1.0\user\sidebar-nav.php on line 64
[08-Apr-2025 20:49:16 Europe/Berlin] PHP Warning:  Undefined array key "toggle" in C:\xampp\htdocs\ccti-1.0\user\sidebar-nav.php on line 61
[08-Apr-2025 20:49:16 Europe/Berlin] PHP Warning:  Undefined array key "toggle" in C:\xampp\htdocs\ccti-1.0\user\sidebar-nav.php on line 63
[08-Apr-2025 20:49:16 Europe/Berlin] PHP Warning:  Undefined array key "toggle" in C:\xampp\htdocs\ccti-1.0\user\sidebar-nav.php on line 64
[08-Apr-2025 20:49:16 Europe/Berlin] PHP Warning:  Undefined array key "toggle" in C:\xampp\htdocs\ccti-1.0\user\sidebar-nav.php on line 61
[08-Apr-2025 20:49:16 Europe/Berlin] PHP Warning:  Undefined array key "toggle" in C:\xampp\htdocs\ccti-1.0\user\sidebar-nav.php on line 63
[08-Apr-2025 20:49:16 Europe/Berlin] PHP Warning:  Undefined array key "toggle" in C:\xampp\htdocs\ccti-1.0\user\sidebar-nav.php on line 64
[08-Apr-2025 20:49:16 Europe/Berlin] PHP Warning:  Undefined array key "toggle" in C:\xampp\htdocs\ccti-1.0\user\sidebar-nav.php on line 61
[08-Apr-2025 20:49:16 Europe/Berlin] PHP Warning:  Undefined array key "toggle" in C:\xampp\htdocs\ccti-1.0\user\sidebar-nav.php on line 63
[08-Apr-2025 20:49:16 Europe/Berlin] PHP Warning:  Undefined array key "toggle" in C:\xampp\htdocs\ccti-1.0\user\sidebar-nav.php on line 64
[08-Apr-2025 20:49:27 Europe/Berlin] PHP Warning:  Undefined array key "toggle" in C:\xampp\htdocs\ccti-1.0\user\sidebar-nav.php on line 61
[08-Apr-2025 20:49:27 Europe/Berlin] PHP Warning:  Undefined array key "toggle" in C:\xampp\htdocs\ccti-1.0\user\sidebar-nav.php on line 63
[08-Apr-2025 20:49:27 Europe/Berlin] PHP Warning:  Undefined array key "toggle" in C:\xampp\htdocs\ccti-1.0\user\sidebar-nav.php on line 64
[08-Apr-2025 20:49:27 Europe/Berlin] PHP Warning:  Undefined array key "toggle" in C:\xampp\htdocs\ccti-1.0\user\sidebar-nav.php on line 61
[08-Apr-2025 20:49:27 Europe/Berlin] PHP Warning:  Undefined array key "toggle" in C:\xampp\htdocs\ccti-1.0\user\sidebar-nav.php on line 63
[08-Apr-2025 20:49:27 Europe/Berlin] PHP Warning:  Undefined array key "toggle" in C:\xampp\htdocs\ccti-1.0\user\sidebar-nav.php on line 64
[08-Apr-2025 20:49:27 Europe/Berlin] PHP Warning:  Undefined array key "toggle" in C:\xampp\htdocs\ccti-1.0\user\sidebar-nav.php on line 61
[08-Apr-2025 20:49:27 Europe/Berlin] PHP Warning:  Undefined array key "toggle" in C:\xampp\htdocs\ccti-1.0\user\sidebar-nav.php on line 63
[08-Apr-2025 20:49:27 Europe/Berlin] PHP Warning:  Undefined array key "toggle" in C:\xampp\htdocs\ccti-1.0\user\sidebar-nav.php on line 64
[08-Apr-2025 20:49:57 Europe/Berlin] PHP Warning:  Undefined array key "toggle" in C:\xampp\htdocs\ccti-1.0\user\sidebar-nav.php on line 61
[08-Apr-2025 20:49:57 Europe/Berlin] PHP Warning:  Undefined array key "toggle" in C:\xampp\htdocs\ccti-1.0\user\sidebar-nav.php on line 63
[08-Apr-2025 20:49:57 Europe/Berlin] PHP Warning:  Undefined array key "toggle" in C:\xampp\htdocs\ccti-1.0\user\sidebar-nav.php on line 64
[08-Apr-2025 20:49:57 Europe/Berlin] PHP Warning:  Undefined array key "toggle" in C:\xampp\htdocs\ccti-1.0\user\sidebar-nav.php on line 61
[08-Apr-2025 20:49:57 Europe/Berlin] PHP Warning:  Undefined array key "toggle" in C:\xampp\htdocs\ccti-1.0\user\sidebar-nav.php on line 63
[08-Apr-2025 20:49:57 Europe/Berlin] PHP Warning:  Undefined array key "toggle" in C:\xampp\htdocs\ccti-1.0\user\sidebar-nav.php on line 64
[08-Apr-2025 20:49:57 Europe/Berlin] PHP Warning:  Undefined array key "toggle" in C:\xampp\htdocs\ccti-1.0\user\sidebar-nav.php on line 61
[08-Apr-2025 20:49:57 Europe/Berlin] PHP Warning:  Undefined array key "toggle" in C:\xampp\htdocs\ccti-1.0\user\sidebar-nav.php on line 63
[08-Apr-2025 20:49:57 Europe/Berlin] PHP Warning:  Undefined array key "toggle" in C:\xampp\htdocs\ccti-1.0\user\sidebar-nav.php on line 64
[08-Apr-2025 20:51:01 Europe/Berlin] PHP Warning:  Undefined array key "toggle" in C:\xampp\htdocs\ccti-1.0\user\sidebar-nav.php on line 61
[08-Apr-2025 20:51:01 Europe/Berlin] PHP Warning:  Undefined array key "toggle" in C:\xampp\htdocs\ccti-1.0\user\sidebar-nav.php on line 63
[08-Apr-2025 20:51:01 Europe/Berlin] PHP Warning:  Undefined array key "toggle" in C:\xampp\htdocs\ccti-1.0\user\sidebar-nav.php on line 64
[08-Apr-2025 20:51:01 Europe/Berlin] PHP Warning:  Undefined array key "toggle" in C:\xampp\htdocs\ccti-1.0\user\sidebar-nav.php on line 61
[08-Apr-2025 20:51:01 Europe/Berlin] PHP Warning:  Undefined array key "toggle" in C:\xampp\htdocs\ccti-1.0\user\sidebar-nav.php on line 63
[08-Apr-2025 20:51:01 Europe/Berlin] PHP Warning:  Undefined array key "toggle" in C:\xampp\htdocs\ccti-1.0\user\sidebar-nav.php on line 64
[08-Apr-2025 20:51:01 Europe/Berlin] PHP Warning:  Undefined array key "toggle" in C:\xampp\htdocs\ccti-1.0\user\sidebar-nav.php on line 61
[08-Apr-2025 20:51:01 Europe/Berlin] PHP Warning:  Undefined array key "toggle" in C:\xampp\htdocs\ccti-1.0\user\sidebar-nav.php on line 63
[08-Apr-2025 20:51:01 Europe/Berlin] PHP Warning:  Undefined array key "toggle" in C:\xampp\htdocs\ccti-1.0\user\sidebar-nav.php on line 64
[08-Apr-2025 20:51:03 Europe/Berlin] PHP Warning:  Undefined array key "toggle" in C:\xampp\htdocs\ccti-1.0\user\sidebar-nav.php on line 61
[08-Apr-2025 20:51:03 Europe/Berlin] PHP Warning:  Undefined array key "toggle" in C:\xampp\htdocs\ccti-1.0\user\sidebar-nav.php on line 63
[08-Apr-2025 20:51:03 Europe/Berlin] PHP Warning:  Undefined array key "toggle" in C:\xampp\htdocs\ccti-1.0\user\sidebar-nav.php on line 64
[08-Apr-2025 20:51:03 Europe/Berlin] PHP Warning:  Undefined array key "toggle" in C:\xampp\htdocs\ccti-1.0\user\sidebar-nav.php on line 61
[08-Apr-2025 20:51:03 Europe/Berlin] PHP Warning:  Undefined array key "toggle" in C:\xampp\htdocs\ccti-1.0\user\sidebar-nav.php on line 63
[08-Apr-2025 20:51:03 Europe/Berlin] PHP Warning:  Undefined array key "toggle" in C:\xampp\htdocs\ccti-1.0\user\sidebar-nav.php on line 64
[08-Apr-2025 20:51:03 Europe/Berlin] PHP Warning:  Undefined array key "toggle" in C:\xampp\htdocs\ccti-1.0\user\sidebar-nav.php on line 61
[08-Apr-2025 20:51:03 Europe/Berlin] PHP Warning:  Undefined array key "toggle" in C:\xampp\htdocs\ccti-1.0\user\sidebar-nav.php on line 63
[08-Apr-2025 20:51:03 Europe/Berlin] PHP Warning:  Undefined array key "toggle" in C:\xampp\htdocs\ccti-1.0\user\sidebar-nav.php on line 64
[08-Apr-2025 20:57:01 Europe/Berlin] PHP Warning:  require(connection.php): Failed to open stream: No such file or directory in C:\xampp\htdocs\ccti-1.0\user\index.php on line 4
[08-Apr-2025 20:57:01 Europe/Berlin] PHP Fatal error:  Uncaught Error: Failed opening required 'connection.php' (include_path='C:\xampp\php\PEAR') in C:\xampp\htdocs\ccti-1.0\user\index.php:4
Stack trace:
#0 {main}
  thrown in C:\xampp\htdocs\ccti-1.0\user\index.php on line 4
[08-Apr-2025 20:57:46 Europe/Berlin] PHP Warning:  Undefined array key "slug" in C:\xampp\htdocs\ccti-1.0\user\index.php on line 165
[08-Apr-2025 20:57:58 Europe/Berlin] PHP Warning:  Undefined array key "slug" in C:\xampp\htdocs\ccti-1.0\user\index.php on line 165
[08-Apr-2025 21:24:07 Europe/Berlin] PHP Warning:  include(sidebar-nav.php): Failed to open stream: No such file or directory in C:\xampp\htdocs\ccti-1.0\user\courses\index.php on line 416
[08-Apr-2025 21:24:07 Europe/Berlin] PHP Warning:  include(): Failed opening 'sidebar-nav.php' for inclusion (include_path='C:\xampp\php\PEAR') in C:\xampp\htdocs\ccti-1.0\user\courses\index.php on line 416
[08-Apr-2025 21:37:34 Europe/Berlin] PHP Warning:  require(../connection.php): Failed to open stream: No such file or directory in C:\xampp\htdocs\ccti-1.0\user\courses\index.php on line 4
[08-Apr-2025 21:37:34 Europe/Berlin] PHP Fatal error:  Uncaught Error: Failed opening required '../connection.php' (include_path='C:\xampp\php\PEAR') in C:\xampp\htdocs\ccti-1.0\user\courses\index.php:4
Stack trace:
#0 {main}
  thrown in C:\xampp\htdocs\ccti-1.0\user\courses\index.php on line 4
